<?xml version="1.0" encoding="UTF-8"?>
<!-- Generated by org.testng.reporters.JUnitXMLReporter -->
<testsuite hostname="think-PC" name="Default test" tests="8" failures="0" timestamp="30 Oct 2017 09:21:31 GMT" time="132.204" errors="0">
  <testcase name="test_1000_PostState" time="7.765" classname="rider.NewTest"/>
  <testcase name="test_1001_CenBianXinxi" time="7.048" classname="rider.NewTest"/>
  <testcase name="test_1002_ChackText" time="5.287" classname="rider.NewTest"/>
  <testcase name="test_1100_CheckText" time="10.629" classname="rider.NewTest"/>
  <testcase name="test_1200_CheckText" time="19.672" classname="rider.NewTest"/>
  <testcase name="test_1200_ClickText" time="13.697" classname="rider.NewTest"/>
  <testcase name="test_1201_CheckText" time="14.816" classname="rider.NewTest"/>
  <testcase name="test_1300_ClickText" time="13.319" classname="rider.NewTest"/>
</testsuite> <!-- Default test -->
